<?xml version="1.0" encoding="UTF-8"?>
<!-- Generated by org.testng.reporters.JUnitXMLReporter -->
<testsuite hostname="DESKTOP-A8V00V9" ignored="0" name="Default test" tests="8" failures="0" timestamp="14 Feb 2019 07:14:19 GMT" time="192.46" errors="0">
  <testcase name="setUp" time="53.352" classname="com.training.functional.tests.TC87_CreatePropertyWithNewFeature_DataProvider"/>
  <testcase name="validLoginTest" time="54.99" classname="com.training.functional.tests.TC87_CreatePropertyWithNewFeature_DataProvider"/>
  <testcase name="addNewFeature" time="13.138" classname="com.training.functional.tests.TC87_CreatePropertyWithNewFeature_DataProvider"/>
  <testcase name="addNewFeature" time="7.262" classname="com.training.functional.tests.TC87_CreatePropertyWithNewFeature_DataProvider"/>
  <testcase name="addNewFeature" time="7.442" classname="com.training.functional.tests.TC87_CreatePropertyWithNewFeature_DataProvider"/>
  <testcase name="CreateNewProperty" time="23.995" classname="com.training.functional.tests.TC87_CreatePropertyWithNewFeature_DataProvider"/>
  <testcase name="CreateNewProperty" time="15.296" classname="com.training.functional.tests.TC87_CreatePropertyWithNewFeature_DataProvider"/>
  <testcase name="CreateNewProperty" time="14.561" classname="com.training.functional.tests.TC87_CreatePropertyWithNewFeature_DataProvider"/>
</testsuite> <!-- Default test -->
