<?xml version="1.0" encoding="UTF-8"?>
<!-- Generated by org.testng.reporters.JUnitXMLReporter -->
<testsuite hostname="DESKTOP-A8V00V9" ignored="0" name="Sample test" tests="6" failures="0" timestamp="04 Feb 2019 11:52:38 GMT" time="138.125" errors="0">
  <testcase name="setUp" time="28.841" classname="com.training.functional.tests.TC56_AddNewPost"/>
  <testcase name="setUp" time="25.843" classname="com.training.functional.tests.TC57_CreatePropertyWithNewFeature"/>
  <testcase name="setUp" time="24.547" classname="com.training.functional.tests.TC58_AdminReplyToCommentAddedByUser"/>
  <testcase name="setUp" time="25.611" classname="com.training.functional.tests.TC59_AddPropertyDetailsToTrash"/>
  <testcase name="setUp" time="25.554" classname="com.training.functional.tests.TC60_AddNewPropertyWithAllDetails"/>
  <testcase name="validLoginTest" time="7.679" classname="com.training.functional.tests.TC56_AddNewPost"/>
</testsuite> <!-- Sample test -->
